
WEC-Sim Input From Standard wecSimInputFile.m Of Case Directory... 
WEC-Sim: An open-source code for simulating wave energy converters
Version: 5.0.1

Initializing the Simulation Class...
	Case Dir: C:\Users\Dunca\Documents\College\Grad School\Spring2\Research\ThreeMassModelCoupledHydro\WECSim\FullScale\NoTMD 
Elapsed time is 0.140824 seconds.

WEC-Sim Pre-processing ...   
[Warning: Because water depth is specified in the wecSimInputFile, the water depth from the BEM data is ignored] 
[> In <a href="matlab:matlab.internal.language.introspective.errorDocCallback('waveClass/setWaterDepth', 'C:\Users\Dunca\Documents\GitHub\WEC-Sim\source\objects\waveClass.m', 548)" style="font-weight:bold">waveClass/setWaterDepth</a> (<a href="matlab: opentoline('C:\Users\Dunca\Documents\GitHub\WEC-Sim\source\objects\waveClass.m',548,0)">line 548</a>)
In <a href="matlab:matlab.internal.language.introspective.errorDocCallback('waveClass/setup', 'C:\Users\Dunca\Documents\GitHub\WEC-Sim\source\objects\waveClass.m', 230)" style="font-weight:bold">waveClass/setup</a> (<a href="matlab: opentoline('C:\Users\Dunca\Documents\GitHub\WEC-Sim\source\objects\waveClass.m',230,0)">line 230</a>)
In <a href="matlab:matlab.internal.language.introspective.errorDocCallback('initializeWecSim', 'C:\Users\Dunca\Documents\GitHub\WEC-Sim\source\functions\initializeWecSim.m', 221)" style="font-weight:bold">initializeWecSim</a> (<a href="matlab: opentoline('C:\Users\Dunca\Documents\GitHub\WEC-Sim\source\functions\initializeWecSim.m',221,0)">line 221</a>)
In <a href="matlab:matlab.internal.language.introspective.errorDocCallback('run', 'C:\Program Files\MATLAB\R2021b\toolbox\matlab\lang\run.m', 91)" style="font-weight:bold">run</a> (<a href="matlab: opentoline('C:\Program Files\MATLAB\R2021b\toolbox\matlab\lang\run.m',91,0)">line 91</a>)
In <a href="matlab:matlab.internal.language.introspective.errorDocCallback('wecSim', 'C:\Users\Dunca\Documents\GitHub\WEC-Sim\source\wecSim.m', 43)" style="font-weight:bold">wecSim</a> (<a href="matlab: opentoline('C:\Users\Dunca\Documents\GitHub\WEC-Sim\source\wecSim.m',43,0)">line 43</a>)] 
Elapsed time is 0.058456 seconds.

WEC-Sim Simulation Settings:
	Start Time                     (sec) = 0
	End Time                       (sec) = 150
	Time Step Size                 (sec) = 0.05
	Ramp Function Time             (sec) = 60
	 Number of Time Steps     = 3000 

Wave Environment: 
	Wave Type                            = Regular Waves (Constant Hydrodynamic Coefficients)
	Wave Height, height (m)                   = 3
	Wave Period, period (sec)                 = 6

List of Body: Number of Bodies = 1 

	***** Body Number 1, Name: body1 *****
	Body CG                          (m) = [0,-0,-13.46]
	Body Mass                       (kg) = 1.38313E+07 
	Body Diagonal MOI              (kgm2)= [0,6.827E+09,0]

List of PTO(s): No PTO in the system

List of Constraint(s): Number of Constraints = 1 

	***** Constraint Name: Constraint1 *****


Simulating the WEC device defined in the SimMechanics model C:\Users\Dunca\Documents\College\Grad School\Spring2\Research\ThreeMassModelCoupledHydro\WECSim\FullScale\NoTMD\OC4_noTMD.slx...   
Elapsed time is 0.186005 seconds.
Elapsed time is 5.848846 seconds.

Post-processing and saving...   
Elapsed time is 0.310976 seconds.
